<?xml version="1.0" encoding="UTF-8"?>
<!-- Generated by org.testng.reporters.JUnitReportReporter -->
<testsuite hostname="DESKTOP-FN1EQP1" failures="0" tests="1" name="com.dummy.base.DummyBase" time="0.011" errors="0" timestamp="30 May 2019 02:23:54 GMT" skipped="0">
  <testcase classname="com.dummy.base.DummyBase" name="DummyBasetest" time="0.011"/>
</testsuite> <!-- com.dummy.base.DummyBase -->
