<?xml version="1.0" encoding="UTF-8"?>
<!-- Generated by org.testng.reporters.JUnitReportReporter -->
<testsuite hostname="DESKTOP-FN1EQP1" failures="0" tests="1" name="com.dummy.maven.Login" time="0.014" errors="0" timestamp="30 May 2019 03:06:02 GMT" skipped="0">
  <testcase classname="com.dummy.maven.Login" name="lgn" time="0.014"/>
</testsuite> <!-- com.dummy.maven.Login -->
